<?xml version="1.0" encoding="UTF-8"?>
<!-- Generated by org.testng.reporters.JUnitReportReporter -->
<testsuite hostname="SANDHYA" failures="0" tests="3" name="testNgStudy.Multipletests" time="27.935" errors="0" timestamp="2023-12-18T15:06:25 IST" skipped="0">
  <testcase classname="testNgStudy.Multipletests" name="youtube" time="13.035"/>
  <testcase classname="testNgStudy.Multipletests" name="facebook" time="8.970"/>
  <testcase classname="testNgStudy.Multipletests" name="instagram" time="5.930"/>
</testsuite> <!-- testNgStudy.Multipletests -->
