<?xml version="1.0" encoding="UTF-8"?>
<!-- Generated by org.testng.reporters.JUnitReportReporter -->
<testsuite hostname="SANDHYA" failures="0" tests="1" name="testNgSerialAndParallel.Facebook" time="17.064" errors="0" timestamp="2023-12-23T22:32:34 IST" skipped="0">
  <testcase classname="testNgSerialAndParallel.Facebook" name="fb" time="17.064"/>
</testsuite> <!-- testNgSerialAndParallel.Facebook -->
