<?xml version="1.0" encoding="UTF-8"?>
<!-- Generated by org.testng.reporters.JUnitReportReporter -->
<testsuite hostname="SANDHYA" failures="0" tests="1" name="testNgStudy.FirstTestNg" time="9.874" errors="0" timestamp="2023-12-16T19:54:32 IST" skipped="0">
  <testcase classname="testNgStudy.FirstTestNg" name="facebook" time="9.874"/>
</testsuite> <!-- testNgStudy.FirstTestNg -->
