<?xml version="1.0" encoding="UTF-8"?>
<!-- Generated by org.testng.reporters.JUnitReportReporter -->
<testsuite hostname="SANDHYA" failures="0" tests="1" name="dataProviderUse.FBAccFormUsingXMLData" time="10.792" errors="0" timestamp="2023-12-27T12:19:21 IST" skipped="0">
  <testcase classname="dataProviderUse.FBAccFormUsingXMLData" name="fbTest" time="10.792"/>
</testsuite> <!-- dataProviderUse.FBAccFormUsingXMLData -->
