<?xml version="1.0" encoding="UTF-8"?>
<!-- Generated by org.testng.reporters.JUnitReportReporter -->
<testsuite hostname="SANDHYA" failures="0" tests="1" name="testNgAssertions.AssertIsNullNotNull" time="0.026" errors="0" timestamp="2023-12-25T15:51:12 IST" skipped="0">
  <testcase classname="testNgAssertions.AssertIsNullNotNull" name="f" time="0.026"/>
</testsuite> <!-- testNgAssertions.AssertIsNullNotNull -->
