<?xml version="1.0" encoding="UTF-8"?>
<!-- Generated by org.testng.reporters.JUnitReportReporter -->
<testsuite hostname="SANDHYA" failures="0" tests="4" name="testNgKeywords.DependsOnMethod" time="0.035" errors="0" timestamp="2023-12-21T18:57:45 IST" skipped="0">
  <testcase classname="testNgKeywords.DependsOnMethod" name="a" time="0.027">
    <system-out>
      <![CDATA[Test case a is running]]>
    </system-out>
  </testcase> <!-- a -->
  <testcase classname="testNgKeywords.DependsOnMethod" name="b" time="0.003">
    <system-out>
      <![CDATA[Test case b is running]]>
    </system-out>
  </testcase> <!-- b -->
  <testcase classname="testNgKeywords.DependsOnMethod" name="d" time="0.003">
    <system-out>
      <![CDATA[Test case d is running]]>
    </system-out>
  </testcase> <!-- d -->
  <testcase classname="testNgKeywords.DependsOnMethod" name="c" time="0.002">
    <system-out>
      <![CDATA[Test case c is running]]>
    </system-out>
  </testcase> <!-- c -->
  <system-out>
    <![CDATA[Test case a is running
Test case d is running
Test case b is running
Test case c is running]]>
  </system-out>
</testsuite> <!-- testNgKeywords.DependsOnMethod -->
