<?xml version="1.0" encoding="UTF-8"?>
<!-- Generated by org.testng.reporters.JUnitReportReporter -->
<testsuite hostname="SANDHYA" failures="0" tests="3" name="dataProviderUse.FBAccForm" time="28.337" errors="0" timestamp="2023-12-26T23:21:52 IST" skipped="0">
  <testcase classname="dataProviderUse.FBAccForm" name="FBTest" time="8.689"/>
  <testcase classname="dataProviderUse.FBAccForm" name="FBTest" time="11.409"/>
  <testcase classname="dataProviderUse.FBAccForm" name="FBTest" time="8.239"/>
</testsuite> <!-- dataProviderUse.FBAccForm -->
