<?xml version="1.0" encoding="UTF-8"?>
<!-- Generated by org.testng.reporters.JUnitReportReporter -->
<testsuite hostname="SANDHYA" failures="0" tests="2" name="ui.LoginTest" time="0.043" errors="0" timestamp="2023-12-23T17:38:01 IST" skipped="0">
  <testcase classname="ui.LoginTest" name="test1" time="0.028">
    <system-out>
      <![CDATA[test1]]>
    </system-out>
  </testcase> <!-- test1 -->
  <testcase classname="ui.LoginTest" name="test2" time="0.015">
    <system-out>
      <![CDATA[test2]]>
    </system-out>
  </testcase> <!-- test2 -->
  <system-out>
    <![CDATA[Login Sucessfully
Connedted to DB
test1
Disconnected from DB
Connedted to DB
test2
Disconnected from DB
Logged out sucessfully]]>
  </system-out>
</testsuite> <!-- ui.LoginTest -->
