<?xml version="1.0" encoding="UTF-8"?>
<!-- Generated by org.testng.reporters.JUnitReportReporter -->
<testsuite hostname="SANDHYA" failures="0" tests="1" name="testNgStudy.BeforeClassTest" time="0.028" errors="0" timestamp="2023-12-21T18:21:39 IST" skipped="0">
  <testcase classname="testNgStudy.BeforeClassTest" name="name" time="0.028">
    <system-out>
      <![CDATA[Sandhyarani]]>
    </system-out>
  </testcase> <!-- name -->
  <system-out>
    <![CDATA[Sandhyarani]]>
  </system-out>
</testsuite> <!-- testNgStudy.BeforeClassTest -->
