<?xml version="1.0" encoding="UTF-8"?>
<!-- Generated by org.testng.reporters.JUnitReportReporter -->
<testsuite hostname="SANDHYA" failures="0" tests="4" name="testNgKeywords.Priority" time="0.079" errors="0" timestamp="2023-12-21T18:36:12 IST" skipped="0">
  <testcase classname="testNgKeywords.Priority" name="b" time="0.036">
    <system-out>
      <![CDATA[Test b is running]]>
    </system-out>
  </testcase> <!-- b -->
  <testcase classname="testNgKeywords.Priority" name="d" time="0.021">
    <system-out>
      <![CDATA[Test d is running]]>
    </system-out>
  </testcase> <!-- d -->
  <testcase classname="testNgKeywords.Priority" name="a" time="0.010">
    <system-out>
      <![CDATA[Test a is running]]>
    </system-out>
  </testcase> <!-- a -->
  <testcase classname="testNgKeywords.Priority" name="c" time="0.012">
    <system-out>
      <![CDATA[Test c is running]]>
    </system-out>
  </testcase> <!-- c -->
  <system-out>
    <![CDATA[Test b is running
Test d is running
Test a is running
Test c is running]]>
  </system-out>
</testsuite> <!-- testNgKeywords.Priority -->
