<?xml version="1.0" encoding="UTF-8"?>
<!-- Generated by org.testng.reporters.JUnitReportReporter -->
<testsuite hostname="SANDHYA" failures="0" tests="3" name="testNgXMLStudy.MyClass" time="0.067" errors="0" timestamp="2023-12-23T16:59:50 IST" skipped="0">
  <testcase classname="testNgXMLStudy.MyClass" name="TC5" time="0.012">
    <system-out>
      <![CDATA[TC5 is running]]>
    </system-out>
  </testcase> <!-- TC5 -->
  <testcase classname="testNgXMLStudy.MyClass" name="TC3" time="0.034">
    <system-out>
      <![CDATA[TC3 is running]]>
    </system-out>
  </testcase> <!-- TC3 -->
  <testcase classname="testNgXMLStudy.MyClass" name="TC4" time="0.021">
    <system-out>
      <![CDATA[TC4 is running]]>
    </system-out>
  </testcase> <!-- TC4 -->
  <system-out>
    <![CDATA[TC3 is running
TC4 is running
TC5 is running
TC7 is running]]>
  </system-out>
</testsuite> <!-- testNgXMLStudy.MyClass -->
