<?xml version="1.0" encoding="UTF-8"?>
<!-- Generated by org.testng.reporters.JUnitReportReporter -->
<testsuite hostname="SANDHYA" failures="0" tests="1" name="testNgSerialAndParallel.Ajio" time="23.138" errors="0" timestamp="2023-12-23T22:32:34 IST" skipped="0">
  <testcase classname="testNgSerialAndParallel.Ajio" name="ajio" time="23.138"/>
</testsuite> <!-- testNgSerialAndParallel.Ajio -->
