<?xml version="1.0" encoding="UTF-8"?>
<!-- Generated by org.testng.reporters.JUnitReportReporter -->
<testsuite hostname="SANDHYA" failures="0" tests="1" name="testNgKeywords.TimeoutKeyword" time="0.041" errors="0" timestamp="2023-12-22T16:41:07 IST" skipped="0">
  <testcase classname="testNgKeywords.TimeoutKeyword" name="a" time="0.041">
    <system-out>
      <![CDATA[Calss A is running]]>
    </system-out>
  </testcase> <!-- a -->
  <system-out>
    <![CDATA[Calss A is running]]>
  </system-out>
</testsuite> <!-- testNgKeywords.TimeoutKeyword -->
