<?xml version="1.0" encoding="UTF-8"?>
<!-- Generated by org.testng.reporters.JUnitReportReporter -->
<testsuite hostname="SANDHYA" failures="0" tests="1" name="coverFoxTest.TC06_Validating_the_Plan_Results" time="50.859" errors="0" timestamp="2024-01-09T22:44:11 IST" skipped="0">
  <testcase classname="coverFoxTest.TC06_Validating_the_Plan_Results" name="Validating_TextResult_And_BannerResult" time="50.859">
    <system-out>
      <![CDATA[Fetching Result From Text
Fetching Result From Banner
TC is Passed
saved Screenshot atD:\Software Testing\Screenshot\coverFoxValidating_TextResult_And_BannerResult_2024.01.09.22.44.04.png]]>
    </system-out>
  </testcase> <!-- Validating_TextResult_And_BannerResult -->
  <system-out>
    <![CDATA[Launcing CoverFox
Clicking on Female Gender Button
Clicking on Health Plan Next Button
Selecting Age Drop Down
Clicking on Member Details Next Button
Entering Pincode
Entering Phone Number
Clicking on Next Button
Fetching Result From Text
Fetching Result From Banner
TC is Passed
saved Screenshot atD:\Software Testing\Screenshot\coverFoxValidating_TextResult_And_BannerResult_2024.01.09.22.44.04.png
Closing CoverFox]]>
  </system-out>
</testsuite> <!-- coverFoxTest.TC06_Validating_the_Plan_Results -->
