<?xml version="1.0" encoding="UTF-8"?>
<!-- Generated by org.testng.reporters.JUnitReportReporter -->
<testsuite hostname="SANDHYA" failures="0" tests="1" name="coverForUsingTestNg.TC01_Validate_The_Results_Matching" time="15.160" errors="0" timestamp="2023-12-29T22:39:00 IST" skipped="0">
  <testcase classname="coverForUsingTestNg.TC01_Validate_The_Results_Matching" name="ValidatingTestPlansFromTextAndBanner" time="15.160">
    <system-out>
      <![CDATA[Fetching Number of result from text
Fetching Number of result from Banner
TC IS PASSED]]>
    </system-out>
  </testcase> <!-- ValidatingTestPlansFromTextAndBanner -->
  <system-out>
    <![CDATA[Launching Browser
Clicking on Gender Button
Clicking on Next Button
Select Age From Dropdown
Entering Pincode
Entering phone Number
Clicking on Continue Button
Fetching Number of result from text
Fetching Number of result from Banner
TC IS PASSED
Closing Browser]]>
  </system-out>
</testsuite> <!-- coverForUsingTestNg.TC01_Validate_The_Results_Matching -->
