<?xml version="1.0" encoding="UTF-8"?>
<!-- Generated by org.testng.reporters.JUnitReportReporter -->
<testsuite hostname="SANDHYA" failures="0" tests="1" name="coverFoxTest.TC06_validate_Text" time="27.163" errors="0" timestamp="2024-01-06T15:10:07 IST" skipped="0">
  <testcase classname="coverFoxTest.TC06_validate_Text" name="TC06_Validating_The_text" time="27.163">
    <system-out>
      <![CDATA[Validating Text]]>
    </system-out>
  </testcase> <!-- TC06_Validating_The_text -->
  <system-out>
    <![CDATA[Launcing CoverFox
Clicking on Female Gender Button
Clicking on Next Button
Selecting Age From Drop Down
Clicking on next button
Entering Pin Code
Entering phone Number
Validating Text]]>
  </system-out>
</testsuite> <!-- coverFoxTest.TC06_validate_Text -->
