<?xml version="1.0" encoding="UTF-8"?>
<!-- Generated by org.testng.reporters.JUnitReportReporter -->
<testsuite hostname="SANDHYA" failures="0" tests="6" name="testNgKeywords.InvocationCountKeywordStudy" time="0.203" errors="0" timestamp="2023-12-21T18:39:50 IST" skipped="0">
  <testcase classname="testNgKeywords.InvocationCountKeywordStudy" name="f" time="0.155">
    <system-out>
      <![CDATA[Test Case a is running]]>
    </system-out>
  </testcase> <!-- f -->
  <testcase classname="testNgKeywords.InvocationCountKeywordStudy" name="b" time="0.005">
    <system-out>
      <![CDATA[Test Case b is running]]>
    </system-out>
  </testcase> <!-- b -->
  <testcase classname="testNgKeywords.InvocationCountKeywordStudy" name="c" time="0.014">
    <system-out>
      <![CDATA[Test Case b is running]]>
    </system-out>
  </testcase> <!-- c -->
  <testcase classname="testNgKeywords.InvocationCountKeywordStudy" name="b" time="0.014">
    <system-out>
      <![CDATA[Test Case b is running]]>
    </system-out>
  </testcase> <!-- b -->
  <testcase classname="testNgKeywords.InvocationCountKeywordStudy" name="b" time="0.007">
    <system-out>
      <![CDATA[Test Case b is running]]>
    </system-out>
  </testcase> <!-- b -->
  <testcase classname="testNgKeywords.InvocationCountKeywordStudy" name="b" time="0.008">
    <system-out>
      <![CDATA[Test Case b is running]]>
    </system-out>
  </testcase> <!-- b -->
  <system-out>
    <![CDATA[Test Case a is running
Test Case b is running
Test Case b is running
Test Case b is running
Test Case b is running
Test Case b is running]]>
  </system-out>
</testsuite> <!-- testNgKeywords.InvocationCountKeywordStudy -->
