<?xml version="1.0" encoding="UTF-8"?>
<!-- Generated by org.testng.reporters.JUnitReportReporter -->
<testsuite hostname="SANDHYA" failures="0" tests="1" name="testNgStudy.First_TestNg_Class" time="12.118" errors="0" timestamp="2023-12-16T19:28:56 IST" skipped="0">
  <testcase classname="testNgStudy.First_TestNg_Class" name="myTest" time="12.118"/>
</testsuite> <!-- testNgStudy.First_TestNg_Class -->
